0 info it worked if it ends with ok
1 verbose cli [ '/usr/bin/node', '/usr/bin/npm', 'install', '-g', 'expo-cli' ]
2 info using npm@3.5.2
3 info using node@v8.10.0
4 silly loadCurrentTree Starting
5 silly install loadCurrentTree
6 silly install readGlobalPackageData
7 silly fetchPackageMetaData expo-cli
8 silly fetchNamedPackageData expo-cli
9 silly mapToRegistry name expo-cli
10 silly mapToRegistry using default registry
11 silly mapToRegistry registry https://registry.npmjs.org/
12 silly mapToRegistry uri https://registry.npmjs.org/expo-cli
13 verbose request uri https://registry.npmjs.org/expo-cli
14 verbose request no auth needed
15 info attempt registry request try #1 at 6:09:55 PM
16 verbose request id 0893368813db99da
17 http request GET https://registry.npmjs.org/expo-cli
18 info retry will retry, error on last attempt: Error: connect EINVAL 104.16.17.35:443 - Local (0.0.0.0:0)
19 info attempt registry request try #2 at 6:10:07 PM
20 http request GET https://registry.npmjs.org/expo-cli
21 info retry will retry, error on last attempt: Error: connect EINVAL 104.16.25.35:443 - Local (0.0.0.0:0)
22 info attempt registry request try #3 at 6:11:07 PM
23 http request GET https://registry.npmjs.org/expo-cli
24 silly fetchPackageMetaData Error: connect EINVAL 104.16.26.35:443 - Local (0.0.0.0:0)
24 silly fetchPackageMetaData     at Object._errnoException (util.js:1022:11)
24 silly fetchPackageMetaData     at _exceptionWithHostPort (util.js:1044:20)
24 silly fetchPackageMetaData     at internalConnect (net.js:976:16)
24 silly fetchPackageMetaData     at defaultTriggerAsyncIdScope (internal/async_hooks.js:283:19)
24 silly fetchPackageMetaData     at GetAddrInfoReqWrap.emitLookup [as callback] (net.js:1122:9)
24 silly fetchPackageMetaData     at GetAddrInfoReqWrap.onlookup [as oncomplete] (dns.js:97:10)
24 silly fetchPackageMetaData  error for expo-cli { Error: connect EINVAL 104.16.26.35:443 - Local (0.0.0.0:0)
24 silly fetchPackageMetaData     at Object._errnoException (util.js:1022:11)
24 silly fetchPackageMetaData     at _exceptionWithHostPort (util.js:1044:20)
24 silly fetchPackageMetaData     at internalConnect (net.js:976:16)
24 silly fetchPackageMetaData     at defaultTriggerAsyncIdScope (internal/async_hooks.js:283:19)
24 silly fetchPackageMetaData     at GetAddrInfoReqWrap.emitLookup [as callback] (net.js:1122:9)
24 silly fetchPackageMetaData     at GetAddrInfoReqWrap.onlookup [as oncomplete] (dns.js:97:10)
24 silly fetchPackageMetaData   code: 'EINVAL',
24 silly fetchPackageMetaData   errno: 'EINVAL',
24 silly fetchPackageMetaData   syscall: 'connect',
24 silly fetchPackageMetaData   address: '104.16.26.35',
24 silly fetchPackageMetaData   port: 443 }
25 silly rollbackFailedOptional Starting
26 silly rollbackFailedOptional Finishing
27 silly runTopLevelLifecycles Starting
28 silly runTopLevelLifecycles Finishing
29 silly install printInstalled
30 verbose stack Error: connect EINVAL 104.16.26.35:443 - Local (0.0.0.0:0)
30 verbose stack     at Object._errnoException (util.js:1022:11)
30 verbose stack     at _exceptionWithHostPort (util.js:1044:20)
30 verbose stack     at internalConnect (net.js:976:16)
30 verbose stack     at defaultTriggerAsyncIdScope (internal/async_hooks.js:283:19)
30 verbose stack     at GetAddrInfoReqWrap.emitLookup [as callback] (net.js:1122:9)
30 verbose stack     at GetAddrInfoReqWrap.onlookup [as oncomplete] (dns.js:97:10)
31 verbose cwd /mnt/d/arnau/Documents/Cours/Ingésup/Ydays/B2 b/a. dev Mobile/Stellaris Achievment Project/Stellaris_Success_Helper
32 error Linux 4.4.0-17763-Microsoft
33 error argv "/usr/bin/node" "/usr/bin/npm" "install" "-g" "expo-cli"
34 error node v8.10.0
35 error npm  v3.5.2
36 error code EINVAL
37 error errno EINVAL
38 error syscall connect
39 error connect EINVAL 104.16.26.35:443 - Local (0.0.0.0:0)
40 error If you need help, you may report this error at:
40 error     <https://github.com/npm/npm/issues>
41 verbose exit [ 1, true ]
